\BOOKMARK [0][-]{chapter.1}{\376\377\0001\000\040\004\030\004\065\004\100\004\060\004\100\004\105\004\070\004\107\004\065\004\101\004\072\004\070\004\071\000\040\004\101\004\077\004\070\004\101\004\076\004\072\000\040\004\072\004\073\004\060\004\101\004\101\004\076\004\062}{}% 1
\BOOKMARK [1][-]{section.1.1}{\376\377\0001\000.\0001\000\040\004\030\004\065\004\100\004\060\004\100\004\105\004\070\004\117\000\040\004\072\004\073\004\060\004\101\004\101\004\076\004\062}{chapter.1}% 2
\BOOKMARK [0][-]{chapter.2}{\376\377\0002\000\040\004\020\004\073\004\104\004\060\004\062\004\070\004\102\004\075\004\113\004\071\000\040\004\103\004\072\004\060\004\067\004\060\004\102\004\065\004\073\004\114\000\040\004\072\004\073\004\060\004\101\004\101\004\076\004\062}{}% 3
\BOOKMARK [1][-]{section.2.1}{\376\377\0002\000.\0001\000\040\004\032\004\073\004\060\004\101\004\101\004\113}{chapter.2}% 4
\BOOKMARK [0][-]{chapter.3}{\376\377\0003\000\040\004\032\004\073\004\060\004\101\004\101\004\113}{}% 5
\BOOKMARK [1][-]{section.3.1}{\376\377\0003\000.\0001\000\040\004\032\004\073\004\060\004\101\004\101\000\040\000B\000l\000o\000c\000k\000C\000h\000a\000i\000n\000C\000o\000r\000e\000:\000:\000B\000l\000o\000c\000k}{chapter.3}% 6
\BOOKMARK [2][-]{subsection.3.1.1}{\376\377\0003\000.\0001\000.\0001\000\040\004\037\004\076\004\064\004\100\004\076\004\061\004\075\004\076\004\065\000\040\004\076\004\077\004\070\004\101\004\060\004\075\004\070\004\065}{section.3.1}% 7
\BOOKMARK [2][-]{subsection.3.1.2}{\376\377\0003\000.\0001\000.\0002\000\040\004\024\004\060\004\075\004\075\004\113\004\065\000\040\004\072\004\073\004\060\004\101\004\101\004\060}{section.3.1}% 8
\BOOKMARK [3][-]{subsubsection.3.1.2.1}{\376\377\0003\000.\0001\000.\0002\000.\0001\000\040\000S\000e\000t\000C\000u\000r\000H\000a\000s\000h}{subsection.3.1.2}% 9
\BOOKMARK [1][-]{section.3.2}{\376\377\0003\000.\0002\000\040\004\041\004\102\004\100\004\103\004\072\004\102\004\103\004\100\004\060\000\040\000B\000l\000o\000c\000k\000C\000h\000a\000i\000n\000C\000o\000r\000e\000:\000:\000B\000l\000o\000c\000k\000C\000o\000n\000s\000e\000n\000s\000u\000s\000I\000n\000f\000o}{chapter.3}% 10
\BOOKMARK [2][-]{subsection.3.2.1}{\376\377\0003\000.\0002\000.\0001\000\040\004\037\004\076\004\064\004\100\004\076\004\061\004\075\004\076\004\065\000\040\004\076\004\077\004\070\004\101\004\060\004\075\004\070\004\065}{section.3.2}% 11
\BOOKMARK [1][-]{section.3.3}{\376\377\0003\000.\0003\000\040\004\032\004\073\004\060\004\101\004\101\000\040\000B\000l\000o\000c\000k\000C\000h\000a\000i\000n\000C\000o\000r\000e\000:\000:\000B\000l\000o\000c\000k\000C\000o\000n\000t\000a\000i\000n\000e\000d\000D\000a\000t\000a}{chapter.3}% 12
\BOOKMARK [2][-]{subsection.3.3.1}{\376\377\0003\000.\0003\000.\0001\000\040\004\037\004\076\004\064\004\100\004\076\004\061\004\075\004\076\004\065\000\040\004\076\004\077\004\070\004\101\004\060\004\075\004\070\004\065}{section.3.3}% 13
\BOOKMARK [1][-]{section.3.4}{\376\377\0003\000.\0004\000\040\004\041\004\102\004\100\004\103\004\072\004\102\004\103\004\100\004\060\000\040\000B\000l\000o\000c\000k\000C\000h\000a\000i\000n\000C\000o\000r\000e\000:\000:\000B\000l\000o\000c\000k\000H\000a\000s\000h\000I\000n\000f\000o}{chapter.3}% 14
\BOOKMARK [2][-]{subsection.3.4.1}{\376\377\0003\000.\0004\000.\0001\000\040\004\037\004\076\004\064\004\100\004\076\004\061\004\075\004\076\004\065\000\040\004\076\004\077\004\070\004\101\004\060\004\075\004\070\004\065}{section.3.4}% 15
\BOOKMARK [2][-]{subsection.3.4.2}{\376\377\0003\000.\0004\000.\0002\000\040\004\034\004\065\004\102\004\076\004\064\004\113}{section.3.4}% 16
\BOOKMARK [3][-]{subsubsection.3.4.2.1}{\376\377\0003\000.\0004\000.\0002\000.\0001\000\040\000s\000e\000r\000i\000a\000l\000i\000z\000e\000\050\000\051}{subsection.3.4.2}% 17
\BOOKMARK [1][-]{section.3.5}{\376\377\0003\000.\0005\000\040\004\032\004\073\004\060\004\101\004\101\000\040\000B\000l\000o\000c\000k\000C\000h\000a\000i\000n\000C\000o\000r\000e\000:\000:\000B\000l\000o\000c\000k\000L\000o\000g\000s}{chapter.3}% 18
\BOOKMARK [1][-]{section.3.6}{\376\377\0003\000.\0006\000\040\004\032\004\073\004\060\004\101\004\101\000\040\000B\000l\000o\000c\000k\000C\000h\000a\000i\000n\000C\000o\000r\000e\000:\000:\000C\000r\000y\000p\000t\000o}{chapter.3}% 19
\BOOKMARK [1][-]{section.3.7}{\376\377\0003\000.\0007\000\040\004\032\004\073\004\060\004\101\004\101\000\040\000B\000l\000o\000c\000k\000C\000h\000a\000i\000n\000C\000o\000r\000e\000:\000:\000C\000r\000y\000p\000t\000o\000L\000o\000g\000s\000\137\000I\000m\000p\000o\000r\000t\000P\000u\000b\000K\000e\000y}{chapter.3}% 20
\BOOKMARK [1][-]{section.3.8}{\376\377\0003\000.\0008\000\040\004\032\004\073\004\060\004\101\004\101\000\040\000B\000l\000o\000c\000k\000C\000h\000a\000i\000n\000C\000o\000r\000e\000:\000:\000C\000r\000y\000p\000t\000o\000L\000o\000g\000s\000\137\000T\000r\000y\000T\000o\000V\000e\000r\000i\000f\000y\000E\000C\000D\000S\000A\000\137\000C\000r\000y\000p\000t\000o\000P\000P}{chapter.3}% 21
\BOOKMARK [1][-]{section.3.9}{\376\377\0003\000.\0009\000\040\004\032\004\073\004\060\004\101\004\101\000\040\000B\000l\000o\000c\000k\000C\000h\000a\000i\000n\000C\000o\000r\000e\000:\000:\000D\000i\000s\000a\000b\000l\000e\000d\000L\000o\000g\000g\000e\000r}{chapter.3}% 22
\BOOKMARK [2][-]{subsection.3.9.1}{\376\377\0003\000.\0009\000.\0001\000\040\004\037\004\076\004\064\004\100\004\076\004\061\004\075\004\076\004\065\000\040\004\076\004\077\004\070\004\101\004\060\004\075\004\070\004\065}{section.3.9}% 23
\BOOKMARK [1][-]{section.3.10}{\376\377\0003\000.\0001\0000\000\040\004\032\004\073\004\060\004\101\004\101\000\040\000B\000l\000o\000c\000k\000C\000h\000a\000i\000n\000C\000o\000r\000e\000:\000:\000I\000L\000o\000g\000g\000e\000r}{chapter.3}% 24
\BOOKMARK [2][-]{subsection.3.10.1}{\376\377\0003\000.\0001\0000\000.\0001\000\040\004\037\004\076\004\064\004\100\004\076\004\061\004\075\004\076\004\065\000\040\004\076\004\077\004\070\004\101\004\060\004\075\004\070\004\065}{section.3.10}% 25
\BOOKMARK [1][-]{section.3.11}{\376\377\0003\000.\0001\0001\000\040\004\032\004\073\004\060\004\101\004\101\000\040\000B\000l\000o\000c\000k\000C\000h\000a\000i\000n\000C\000o\000r\000e\000:\000:\000L\000o\000g\000g\000e\000r\000T\000e\000s\000t\000e\000r}{chapter.3}% 26
\BOOKMARK [2][-]{subsection.3.11.1}{\376\377\0003\000.\0001\0001\000.\0001\000\040\004\037\004\076\004\064\004\100\004\076\004\061\004\075\004\076\004\065\000\040\004\076\004\077\004\070\004\101\004\060\004\075\004\070\004\065}{section.3.11}% 27
\BOOKMARK [1][-]{section.3.12}{\376\377\0003\000.\0001\0002\000\040\004\041\004\102\004\100\004\103\004\072\004\102\004\103\004\100\004\060\000\040\000B\000l\000o\000c\000k\000C\000h\000a\000i\000n\000C\000o\000r\000e\000:\000:\000L\000o\000g\000P\000a\000c\000k\000a\000g\000e}{chapter.3}% 28
\BOOKMARK [2][-]{subsection.3.12.1}{\376\377\0003\000.\0001\0002\000.\0001\000\040\004\037\004\076\004\064\004\100\004\076\004\061\004\075\004\076\004\065\000\040\004\076\004\077\004\070\004\101\004\060\004\075\004\070\004\065}{section.3.12}% 29
\BOOKMARK [1][-]{section.3.13}{\376\377\0003\000.\0001\0003\000\040\004\032\004\073\004\060\004\101\004\101\000\040\000B\000l\000o\000c\000k\000C\000h\000a\000i\000n\000C\000o\000r\000e\000:\000:\000T\000e\000x\000t\000O\000A\000r\000c\000h\000i\000v\000e\000\137\000F\000o\000r\000S\000i\000g\000n}{chapter.3}% 30
\BOOKMARK [2][-]{subsection.3.13.1}{\376\377\0003\000.\0001\0003\000.\0001\000\040\004\037\004\076\004\064\004\100\004\076\004\061\004\075\004\076\004\065\000\040\004\076\004\077\004\070\004\101\004\060\004\075\004\070\004\065}{section.3.13}% 31
\BOOKMARK [0][-]{section*.34}{\376\377\004\037\004\100\004\065\004\064\004\074\004\065\004\102\004\075\004\113\004\071\000\040\004\103\004\072\004\060\004\067\004\060\004\102\004\065\004\073\004\114}{}% 32
